<?xml version="1.0" encoding="UTF-8"?>
<testsuite name="CardGameTest" tests="1" skipped="0" failures="0" errors="0" timestamp="2023-05-04T03:28:12" hostname="MacBook-Pro-de-Herlander.local" time="2.749">
  <properties/>
  <testcase name="start" classname="CardGameTest" time="2.749"/>
  <system-out><![CDATA[?[1;31m
Start test 1?[0m
Indigo Card Game
Play first?
> yes
Initial cards on the table: 6♦ 6♠ 5♣ J♦

4 cards on the table, and the top card is J♦
Cards in hand: 1)8♥ 2)8♠ 3)2♣ 4)7♠ 5)3♦ 6)6♣
Choose a card to play (1-6):
> 1

5 cards on the table, and the top card is 8♥
Computer plays 8♣
Computer wins cards
Score: Player 0 - Computer 1
Cards: Player 0 - Computer 6

No cards on the table
Cards in hand: 1)8♠ 2)2♣ 3)7♠ 4)3♦ 5)6♣
Choose a card to play (1-5):
> 1

1 cards on the table, and the top card is 8♠
Computer plays 5♦

2 cards on the table, and the top card is 5♦
Cards in hand: 1)2♣ 2)7♠ 3)3♦ 4)6♣
Choose a card to play (1-4):
> 1

3 cards on the table, and the top card is 2♣
Computer plays K♣
Computer wins cards
Score: Player 0 - Computer 2
Cards: Player 0 - Computer 10

No cards on the table
Cards in hand: 1)7♠ 2)3♦ 3)6♣
Choose a card to play (1-3):
> 1

1 cards on the table, and the top card is 7♠
Computer plays K♥

2 cards on the table, and the top card is K♥
Cards in hand: 1)3♦ 2)6♣
Choose a card to play (1-2):
> 1

3 cards on the table, and the top card is 3♦
Computer plays 10♦
Computer wins cards
Score: Player 0 - Computer 4
Cards: Player 0 - Computer 14

No cards on the table
Cards in hand: 1)6♣
Choose a card to play (1-1):
> 1

1 cards on the table, and the top card is 6♣
Computer plays 3♠

2 cards on the table, and the top card is 3♠
Cards in hand: 1)Q♦ 2)3♥ 3)8♦ 4)A♣ 5)9♦ 6)2♥
Choose a card to play (1-6):
> 1

3 cards on the table, and the top card is Q♦
Computer plays 9♣

4 cards on the table, and the top card is 9♣
Cards in hand: 1)3♥ 2)8♦ 3)A♣ 4)9♦ 5)2♥
Choose a card to play (1-5):
> 1

5 cards on the table, and the top card is 3♥
Computer plays K♠

6 cards on the table, and the top card is K♠
Cards in hand: 1)8♦ 2)A♣ 3)9♦ 4)2♥
Choose a card to play (1-4):
> 1

7 cards on the table, and the top card is 8♦
Computer plays 10♣

8 cards on the table, and the top card is 10♣
Cards in hand: 1)A♣ 2)9♦ 3)2♥
Choose a card to play (1-3):
> 1
Player wins cards
Score: Player 4 - Computer 4
Cards: Player 9 - Computer 14

No cards on the table
Computer plays 4♥

1 cards on the table, and the top card is 4♥
Cards in hand: 1)9♦ 2)2♥
Choose a card to play (1-2):
> 1

2 cards on the table, and the top card is 9♦
Computer plays 10♥

3 cards on the table, and the top card is 10♥
Cards in hand: 1)2♥
Choose a card to play (1-1):
> 1
Player wins cards
Score: Player 5 - Computer 4
Cards: Player 13 - Computer 14

No cards on the table
Computer plays A♠

1 cards on the table, and the top card is A♠
Cards in hand: 1)7♣ 2)10♠ 3)K♦ 4)A♥ 5)J♥ 6)9♠
Choose a card to play (1-6):
> 1

2 cards on the table, and the top card is 7♣
Computer plays 7♦
Computer wins cards
Score: Player 5 - Computer 5
Cards: Player 13 - Computer 17

No cards on the table
Cards in hand: 1)10♠ 2)K♦ 3)A♥ 4)J♥ 5)9♠
Choose a card to play (1-5):
> 1

1 cards on the table, and the top card is 10♠
Computer plays 5♠
Computer wins cards
Score: Player 5 - Computer 6
Cards: Player 13 - Computer 19

No cards on the table
Cards in hand: 1)K♦ 2)A♥ 3)J♥ 4)9♠
Choose a card to play (1-4):
> 1

1 cards on the table, and the top card is K♦
Computer plays 6♥

2 cards on the table, and the top card is 6♥
Cards in hand: 1)A♥ 2)J♥ 3)9♠
Choose a card to play (1-3):
> 1
Player wins cards
Score: Player 7 - Computer 6
Cards: Player 16 - Computer 19

No cards on the table
Computer plays A♦

1 cards on the table, and the top card is A♦
Cards in hand: 1)J♥ 2)9♠
Choose a card to play (1-2):
> 1

2 cards on the table, and the top card is J♥
Computer plays Q♥
Computer wins cards
Score: Player 7 - Computer 9
Cards: Player 16 - Computer 22

No cards on the table
Cards in hand: 1)9♠
Choose a card to play (1-1):
> 1

1 cards on the table, and the top card is 9♠
Computer plays 7♥

2 cards on the table, and the top card is 7♥
Cards in hand: 1)5♥ 2)4♣ 3)3♣ 4)2♦ 5)J♣ 6)4♠
Choose a card to play (1-6):
> 1
Player wins cards
Score: Player 7 - Computer 9
Cards: Player 19 - Computer 22

No cards on the table
Computer plays Q♠

1 cards on the table, and the top card is Q♠
Cards in hand: 1)4♣ 2)3♣ 3)2♦ 4)J♣ 5)4♠
Choose a card to play (1-5):
> 1

2 cards on the table, and the top card is 4♣
Computer plays J♠

3 cards on the table, and the top card is J♠
Cards in hand: 1)3♣ 2)2♦ 3)J♣ 4)4♠
Choose a card to play (1-4):
> 1

4 cards on the table, and the top card is 3♣
Computer plays 9♥

5 cards on the table, and the top card is 9♥
Cards in hand: 1)2♦ 2)J♣ 3)4♠
Choose a card to play (1-3):
> 1

6 cards on the table, and the top card is 2♦
Computer plays 4♦
Computer wins cards
Score: Player 7 - Computer 11
Cards: Player 19 - Computer 29

No cards on the table
Cards in hand: 1)J♣ 2)4♠
Choose a card to play (1-2):
> 1

1 cards on the table, and the top card is J♣
Computer plays Q♣
Computer wins cards
Score: Player 7 - Computer 13
Cards: Player 19 - Computer 31

No cards on the table
Cards in hand: 1)4♠
Choose a card to play (1-1):
> 1

1 cards on the table, and the top card is 4♠
Computer plays 2♠
Computer wins cards
Score: Player 7 - Computer 13
Cards: Player 19 - Computer 33

No cards on the table
Score: Player 7 - Computer 16
Cards: Player 19 - Computer 33
Game Over
?[1;31m
Start test 2?[0m
Indigo Card Game
Play first?
> yes
Initial cards on the table: 5♥ 8♣ J♣ 9♥

4 cards on the table, and the top card is 9♥
Cards in hand: 1)4♥ 2)J♥ 3)2♦ 4)6♦ 5)Q♠ 6)A♦
Choose a card to play (1-6):
> 6

5 cards on the table, and the top card is A♦
Computer plays Q♦
Computer wins cards
Score: Player 0 - Computer 3
Cards: Player 0 - Computer 6

No cards on the table
Cards in hand: 1)4♥ 2)J♥ 3)2♦ 4)6♦ 5)Q♠
Choose a card to play (1-5):
> 5

1 cards on the table, and the top card is Q♠
Computer plays 4♣

2 cards on the table, and the top card is 4♣
Cards in hand: 1)4♥ 2)J♥ 3)2♦ 4)6♦
Choose a card to play (1-4):
> 4

3 cards on the table, and the top card is 6♦
Computer plays 10♠

4 cards on the table, and the top card is 10♠
Cards in hand: 1)4♥ 2)J♥ 3)2♦
Choose a card to play (1-3):
> 3

5 cards on the table, and the top card is 2♦
Computer plays 10♣

6 cards on the table, and the top card is 10♣
Cards in hand: 1)4♥ 2)J♥
Choose a card to play (1-2):
> 2

7 cards on the table, and the top card is J♥
Computer plays Q♣

8 cards on the table, and the top card is Q♣
Cards in hand: 1)4♥
Choose a card to play (1-1):
> 1

9 cards on the table, and the top card is 4♥
Computer plays 9♠

10 cards on the table, and the top card is 9♠
Cards in hand: 1)K♥ 2)7♠ 3)J♦ 4)K♣ 5)3♦ 6)5♠
Choose a card to play (1-6):
> 6
Player wins cards
Score: Player 5 - Computer 3
Cards: Player 11 - Computer 6

No cards on the table
Computer plays 10♦

1 cards on the table, and the top card is 10♦
Cards in hand: 1)K♥ 2)7♠ 3)J♦ 4)K♣ 5)3♦
Choose a card to play (1-5):
> 5
Player wins cards
Score: Player 6 - Computer 3
Cards: Player 13 - Computer 6

No cards on the table
Computer plays A♠

1 cards on the table, and the top card is A♠
Cards in hand: 1)K♥ 2)7♠ 3)J♦ 4)K♣
Choose a card to play (1-4):
> 4

2 cards on the table, and the top card is K♣
Computer plays 4♦

3 cards on the table, and the top card is 4♦
Cards in hand: 1)K♥ 2)7♠ 3)J♦
Choose a card to play (1-3):
> 3
Player wins cards
Score: Player 9 - Computer 3
Cards: Player 17 - Computer 6

No cards on the table
Computer plays A♣

1 cards on the table, and the top card is A♣
Cards in hand: 1)K♥ 2)7♠
Choose a card to play (1-2):
> 2

2 cards on the table, and the top card is 7♠
Computer plays 4♠
Computer wins cards
Score: Player 9 - Computer 4
Cards: Player 17 - Computer 9

No cards on the table
Cards in hand: 1)K♥
Choose a card to play (1-1):
> 1

1 cards on the table, and the top card is K♥
Computer plays 7♣

2 cards on the table, and the top card is 7♣
Cards in hand: 1)9♣ 2)7♦ 3)2♠ 4)3♥ 5)5♦ 6)2♥
Choose a card to play (1-6):
> 6

3 cards on the table, and the top card is 2♥
Computer plays K♠

4 cards on the table, and the top card is K♠
Cards in hand: 1)9♣ 2)7♦ 3)2♠ 4)3♥ 5)5♦
Choose a card to play (1-5):
> 5

5 cards on the table, and the top card is 5♦
Computer plays 5♣
Computer wins cards
Score: Player 9 - Computer 6
Cards: Player 17 - Computer 15

No cards on the table
Cards in hand: 1)9♣ 2)7♦ 3)2♠ 4)3♥
Choose a card to play (1-4):
> 4

1 cards on the table, and the top card is 3♥
Computer plays 8♦

2 cards on the table, and the top card is 8♦
Cards in hand: 1)9♣ 2)7♦ 3)2♠
Choose a card to play (1-3):
> 3

3 cards on the table, and the top card is 2♠
Computer plays 6♣

4 cards on the table, and the top card is 6♣
Cards in hand: 1)9♣ 2)7♦
Choose a card to play (1-2):
> 2

5 cards on the table, and the top card is 7♦
Computer plays 2♣

6 cards on the table, and the top card is 2♣
Cards in hand: 1)9♣
Choose a card to play (1-1):
> 1
Player wins cards
Score: Player 9 - Computer 6
Cards: Player 24 - Computer 15

No cards on the table
Computer plays K♦

1 cards on the table, and the top card is K♦
Cards in hand: 1)3♣ 2)A♥ 3)7♥ 4)3♠ 5)8♠ 6)J♠
Choose a card to play (1-6):
> 6

2 cards on the table, and the top card is J♠
Computer plays 9♦

3 cards on the table, and the top card is 9♦
Cards in hand: 1)3♣ 2)A♥ 3)7♥ 4)3♠ 5)8♠
Choose a card to play (1-5):
> 5

4 cards on the table, and the top card is 8♠
Computer plays Q♥

5 cards on the table, and the top card is Q♥
Cards in hand: 1)3♣ 2)A♥ 3)7♥ 4)3♠
Choose a card to play (1-4):
> 4

6 cards on the table, and the top card is 3♠
Computer plays 6♥

7 cards on the table, and the top card is 6♥
Cards in hand: 1)3♣ 2)A♥ 3)7♥
Choose a card to play (1-3):
> 3
Player wins cards
Score: Player 12 - Computer 6
Cards: Player 32 - Computer 15

No cards on the table
Computer plays 10♥

1 cards on the table, and the top card is 10♥
Cards in hand: 1)3♣ 2)A♥
Choose a card to play (1-2):
> 2
Player wins cards
Score: Player 14 - Computer 6
Cards: Player 34 - Computer 15

No cards on the table
Computer plays 8♥

1 cards on the table, and the top card is 8♥
Cards in hand: 1)3♣
Choose a card to play (1-1):
> 1

2 cards on the table, and the top card is 3♣
Computer plays 6♠

3 cards on the table, and the top card is 6♠
Score: Player 17 - Computer 6
Cards: Player 37 - Computer 15
Game Over
?[1;31m
Start test 3?[0m
Indigo Card Game
Play first?
> Hello
Play first?
> me
Play first?
> 0
Play first?
> play
Play first?
> yes
Initial cards on the table: J♠ Q♠ J♦ 8♦

4 cards on the table, and the top card is 8♦
Cards in hand: 1)8♣ 2)10♠ 3)9♠ 4)2♣ 5)J♣ 6)A♦
Choose a card to play (1-6):
> exit
Game Over
?[1;31m
Start test 4?[0m
Indigo Card Game
Play first?
> no
Initial cards on the table: K♦ 4♠ Q♥ K♥

4 cards on the table, and the top card is K♥
Computer plays Q♣

5 cards on the table, and the top card is Q♣
Cards in hand: 1)J♥ 2)Q♠ 3)2♠ 4)5♥ 5)4♣ 6)10♥
Choose a card to play (1-6):
> 1

6 cards on the table, and the top card is J♥
Computer plays 5♣

7 cards on the table, and the top card is 5♣
Cards in hand: 1)Q♠ 2)2♠ 3)5♥ 4)4♣ 5)10♥
Choose a card to play (1-5):
> 1

8 cards on the table, and the top card is Q♠
Computer plays 9♦

9 cards on the table, and the top card is 9♦
Cards in hand: 1)2♠ 2)5♥ 3)4♣ 4)10♥
Choose a card to play (1-4):
> 1

10 cards on the table, and the top card is 2♠
Computer plays A♠
Computer wins cards
Score: Player 0 - Computer 7
Cards: Player 0 - Computer 11

No cards on the table
Cards in hand: 1)5♥ 2)4♣ 3)10♥
Choose a card to play (1-3):
> 1

1 cards on the table, and the top card is 5♥
Computer plays 6♦

2 cards on the table, and the top card is 6♦
Cards in hand: 1)4♣ 2)10♥
Choose a card to play (1-2):
> 1

3 cards on the table, and the top card is 4♣
Computer plays 5♦

4 cards on the table, and the top card is 5♦
Cards in hand: 1)10♥
Choose a card to play (1-1):
> 1

5 cards on the table, and the top card is 10♥
Computer plays K♠

6 cards on the table, and the top card is K♠
Cards in hand: 1)A♣ 2)2♦ 3)6♠ 4)10♣ 5)J♣ 6)3♥
Choose a card to play (1-6):
> 1

7 cards on the table, and the top card is A♣
Computer plays 8♥

8 cards on the table, and the top card is 8♥
Cards in hand: 1)2♦ 2)6♠ 3)10♣ 4)J♣ 5)3♥
Choose a card to play (1-5):
> 1

9 cards on the table, and the top card is 2♦
Computer plays 2♥
Computer wins cards
Score: Player 0 - Computer 10
Cards: Player 0 - Computer 21

No cards on the table
Cards in hand: 1)6♠ 2)10♣ 3)J♣ 4)3♥
Choose a card to play (1-4):
> 1

1 cards on the table, and the top card is 6♠
Computer plays 10♦

2 cards on the table, and the top card is 10♦
Cards in hand: 1)10♣ 2)J♣ 3)3♥
Choose a card to play (1-3):
> 1
Player wins cards
Score: Player 2 - Computer 10
Cards: Player 3 - Computer 21

No cards on the table
Computer plays 5♠

1 cards on the table, and the top card is 5♠
Cards in hand: 1)J♣ 2)3♥
Choose a card to play (1-2):
> 1

2 cards on the table, and the top card is J♣
Computer plays 6♣
Computer wins cards
Score: Player 2 - Computer 11
Cards: Player 3 - Computer 24

No cards on the table
Cards in hand: 1)3♥
Choose a card to play (1-1):
> 1

1 cards on the table, and the top card is 3♥
Computer plays 3♠
Computer wins cards
Score: Player 2 - Computer 11
Cards: Player 3 - Computer 26

No cards on the table
Cards in hand: 1)3♦ 2)Q♦ 3)4♦ 4)9♠ 5)6♥ 6)K♣
Choose a card to play (1-6):
> 1

1 cards on the table, and the top card is 3♦
Computer plays 7♣

2 cards on the table, and the top card is 7♣
Cards in hand: 1)Q♦ 2)4♦ 3)9♠ 4)6♥ 5)K♣
Choose a card to play (1-5):
> 1

3 cards on the table, and the top card is Q♦
Computer plays 9♥

4 cards on the table, and the top card is 9♥
Cards in hand: 1)4♦ 2)9♠ 3)6♥ 4)K♣
Choose a card to play (1-4):
> 1

5 cards on the table, and the top card is 4♦
Computer plays 2♣

6 cards on the table, and the top card is 2♣
Cards in hand: 1)9♠ 2)6♥ 3)K♣
Choose a card to play (1-3):
> 1

7 cards on the table, and the top card is 9♠
Computer plays 8♣

8 cards on the table, and the top card is 8♣
Cards in hand: 1)6♥ 2)K♣
Choose a card to play (1-2):
> 1

9 cards on the table, and the top card is 6♥
Computer plays J♠

10 cards on the table, and the top card is J♠
Cards in hand: 1)K♣
Choose a card to play (1-1):
> 1

11 cards on the table, and the top card is K♣
Computer plays A♥

12 cards on the table, and the top card is A♥
Cards in hand: 1)8♦ 2)7♦ 3)J♦ 4)8♠ 5)9♣ 6)7♥
Choose a card to play (1-6):
> 1

13 cards on the table, and the top card is 8♦
Computer plays A♦
Computer wins cards
Score: Player 2 - Computer 16
Cards: Player 3 - Computer 40

No cards on the table
Cards in hand: 1)7♦ 2)J♦ 3)8♠ 4)9♣ 5)7♥
Choose a card to play (1-5):
> 1

1 cards on the table, and the top card is 7♦
Computer plays 3♣

2 cards on the table, and the top card is 3♣
Cards in hand: 1)J♦ 2)8♠ 3)9♣ 4)7♥
Choose a card to play (1-4):
> 1

3 cards on the table, and the top card is J♦
Computer plays 7♠

4 cards on the table, and the top card is 7♠
Cards in hand: 1)8♠ 2)9♣ 3)7♥
Choose a card to play (1-3):
> 1
Player wins cards
Score: Player 3 - Computer 16
Cards: Player 8 - Computer 40

No cards on the table
Computer plays 4♥

1 cards on the table, and the top card is 4♥
Cards in hand: 1)9♣ 2)7♥
Choose a card to play (1-2):
> 1

2 cards on the table, and the top card is 9♣
Computer plays 10♠

3 cards on the table, and the top card is 10♠
Cards in hand: 1)7♥
Choose a card to play (1-1):
> 1

4 cards on the table, and the top card is 7♥
Score: Player 4 - Computer 19
Cards: Player 12 - Computer 40
Game Over
?[1;31m
Start test 5?[0m
Indigo Card Game
Play first?
> no
Initial cards on the table: 3♦ 7♦ 8♣ 10♥

4 cards on the table, and the top card is 10♥
Computer plays Q♣

5 cards on the table, and the top card is Q♣
Cards in hand: 1)6♦ 2)6♠ 3)A♥ 4)4♥ 5)4♣ 6)K♣
Choose a card to play (1-6):
> 6
Player wins cards
Score: Player 3 - Computer 0
Cards: Player 6 - Computer 0

No cards on the table
Computer plays 9♠

1 cards on the table, and the top card is 9♠
Cards in hand: 1)6♦ 2)6♠ 3)A♥ 4)4♥ 5)4♣
Choose a card to play (1-5):
> 5

2 cards on the table, and the top card is 4♣
Computer plays 8♥

3 cards on the table, and the top card is 8♥
Cards in hand: 1)6♦ 2)6♠ 3)A♥ 4)4♥
Choose a card to play (1-4):
> 4
Player wins cards
Score: Player 3 - Computer 0
Cards: Player 10 - Computer 0

No cards on the table
Computer plays 2♣

1 cards on the table, and the top card is 2♣
Cards in hand: 1)6♦ 2)6♠ 3)A♥
Choose a card to play (1-3):
> 3

2 cards on the table, and the top card is A♥
Computer plays 9♣

3 cards on the table, and the top card is 9♣
Cards in hand: 1)6♦ 2)6♠
Choose a card to play (1-2):
> 2

4 cards on the table, and the top card is 6♠
Computer plays 10♦

5 cards on the table, and the top card is 10♦
Cards in hand: 1)6♦
Choose a card to play (1-1):
> 1
Player wins cards
Score: Player 5 - Computer 0
Cards: Player 16 - Computer 0

No cards on the table
Computer plays 5♣

1 cards on the table, and the top card is 5♣
Cards in hand: 1)8♠ 2)A♠ 3)2♠ 4)Q♦ 5)A♣ 6)2♦
Choose a card to play (1-6):
> 6

2 cards on the table, and the top card is 2♦
Computer plays 9♥

3 cards on the table, and the top card is 9♥
Cards in hand: 1)8♠ 2)A♠ 3)2♠ 4)Q♦ 5)A♣
Choose a card to play (1-5):
> 5

4 cards on the table, and the top card is A♣
Computer plays 4♦

5 cards on the table, and the top card is 4♦
Cards in hand: 1)8♠ 2)A♠ 3)2♠ 4)Q♦
Choose a card to play (1-4):
> 4
Player wins cards
Score: Player 7 - Computer 0
Cards: Player 22 - Computer 0

No cards on the table
Computer plays K♥

1 cards on the table, and the top card is K♥
Cards in hand: 1)8♠ 2)A♠ 3)2♠
Choose a card to play (1-3):
> 3

2 cards on the table, and the top card is 2♠
Computer plays 3♠
Computer wins cards
Score: Player 7 - Computer 1
Cards: Player 22 - Computer 3

No cards on the table
Cards in hand: 1)8♠ 2)A♠
Choose a card to play (1-2):
> 2

1 cards on the table, and the top card is A♠
Computer plays K♠
Computer wins cards
Score: Player 7 - Computer 3
Cards: Player 22 - Computer 5

No cards on the table
Cards in hand: 1)8♠
Choose a card to play (1-1):
> 1

1 cards on the table, and the top card is 8♠
Computer plays 5♠
Computer wins cards
Score: Player 7 - Computer 3
Cards: Player 22 - Computer 7

No cards on the table
Cards in hand: 1)5♦ 2)6♣ 3)9♦ 4)Q♠ 5)A♦ 6)3♣
Choose a card to play (1-6):
> 6

1 cards on the table, and the top card is 3♣
Computer plays 4♠

2 cards on the table, and the top card is 4♠
Cards in hand: 1)5♦ 2)6♣ 3)9♦ 4)Q♠ 5)A♦
Choose a card to play (1-5):
> 5

3 cards on the table, and the top card is A♦
Computer plays 8♦
Computer wins cards
Score: Player 7 - Computer 4
Cards: Player 22 - Computer 11

No cards on the table
Cards in hand: 1)5♦ 2)6♣ 3)9♦ 4)Q♠
Choose a card to play (1-4):
> 4

1 cards on the table, and the top card is Q♠
Computer plays 7♣

2 cards on the table, and the top card is 7♣
Cards in hand: 1)5♦ 2)6♣ 3)9♦
Choose a card to play (1-3):
> 3

3 cards on the table, and the top card is 9♦
Computer plays Q♥

4 cards on the table, and the top card is Q♥
Cards in hand: 1)5♦ 2)6♣
Choose a card to play (1-2):
> 2

5 cards on the table, and the top card is 6♣
Computer plays 5♥

6 cards on the table, and the top card is 5♥
Cards in hand: 1)5♦
Choose a card to play (1-1):
> 1
Player wins cards
Score: Player 9 - Computer 4
Cards: Player 29 - Computer 11

No cards on the table
Computer plays K♦

1 cards on the table, and the top card is K♦
Cards in hand: 1)2♥ 2)6♥ 3)10♠ 4)J♣ 5)7♠ 6)7♥
Choose a card to play (1-6):
> 6

2 cards on the table, and the top card is 7♥
Computer plays J♥
Computer wins cards
Score: Player 9 - Computer 6
Cards: Player 29 - Computer 14

No cards on the table
Cards in hand: 1)2♥ 2)6♥ 3)10♠ 4)J♣ 5)7♠
Choose a card to play (1-5):
> 5

1 cards on the table, and the top card is 7♠
Computer plays 10♣

2 cards on the table, and the top card is 10♣
Cards in hand: 1)2♥ 2)6♥ 3)10♠ 4)J♣
Choose a card to play (1-4):
> 4
Player wins cards
Score: Player 11 - Computer 6
Cards: Player 32 - Computer 14

No cards on the table
Computer plays J♦

1 cards on the table, and the top card is J♦
Cards in hand: 1)2♥ 2)6♥ 3)10♠
Choose a card to play (1-3):
> 3

2 cards on the table, and the top card is 10♠
Computer plays 3♥

3 cards on the table, and the top card is 3♥
Cards in hand: 1)2♥ 2)6♥
Choose a card to play (1-2):
> 2
Player wins cards
Score: Player 13 - Computer 6
Cards: Player 36 - Computer 14

No cards on the table
Computer plays J♠

1 cards on the table, and the top card is J♠
Cards in hand: 1)2♥
Choose a card to play (1-1):
> 1

2 cards on the table, and the top card is 2♥
Score: Player 17 - Computer 6
Cards: Player 38 - Computer 14
Game Over
?[1;31m
Start test 6?[0m
Indigo Card Game
Play first?
> yes
Initial cards on the table: 10♦ 10♠ 9♦ 5♥

4 cards on the table, and the top card is 5♥
Cards in hand: 1)K♦ 2)9♣ 3)9♥ 4)J♦ 5)5♠ 6)6♥
Choose a card to play (1-6):
> 0
Choose a card to play (1-6):
> 7
Choose a card to play (1-6):
> One
Choose a card to play (1-6):
> exit
Game Over
]]></system-out>
  <system-err><![CDATA[]]></system-err>
</testsuite>
